{"level":"info","message":"EmulationStation encontrado em: Y:\\images\\RIESCADE\\emulationstation\\.emulationstation","service":"es-theme-engine","timestamp":"2025-03-10 03:17:15"}
{"level":"info","message":"Servidor rodando na porta 3000","service":"es-theme-engine","timestamp":"2025-03-10 03:17:15"}
{"level":"error","message":"404 - Não encontrado - /themes/default/img/logos/gw.png - GET - ::1","service":"es-theme-engine","timestamp":"2025-03-10 03:17:17"}
{"level":"error","message":"404 - Não encontrado - /themes/default/img/logos/doom3.png - GET - ::1","service":"es-theme-engine","timestamp":"2025-03-10 03:17:17"}
{"level":"error","message":"404 - Não encontrado - /themes/default/img/logos/Windows.png - GET - ::1","service":"es-theme-engine","timestamp":"2025-03-10 03:17:17"}
{"level":"error","message":"404 - Não encontrado - /themes/default/img/logos/screenshots.png - GET - ::1","service":"es-theme-engine","timestamp":"2025-03-10 03:17:17"}
{"level":"error","message":"404 - Não encontrado - /themes/default/img/logos/atarijaguargroup.png - GET - ::1","service":"es-theme-engine","timestamp":"2025-03-10 03:17:17"}
{"level":"error","message":"404 - Não encontrado - /themes/default/img/logos/bandaiwonderswan.png - GET - ::1","service":"es-theme-engine","timestamp":"2025-03-10 03:17:17"}
{"level":"error","message":"404 - Não encontrado - /themes/default/img/logos/apple2group.png - GET - ::1","service":"es-theme-engine","timestamp":"2025-03-10 03:17:17"}
{"level":"error","message":"404 - Não encontrado - /themes/default/img/logos/segamegadrive.png - GET - ::1","service":"es-theme-engine","timestamp":"2025-03-10 03:17:17"}
{"level":"error","message":"404 - Não encontrado - /themes/default/img/logos/nintendogameboy.png - GET - ::1","service":"es-theme-engine","timestamp":"2025-03-10 03:17:17"}
{"level":"error","message":"404 - Não encontrado - /themes/default/img/logos/nintendon64.png - GET - ::1","service":"es-theme-engine","timestamp":"2025-03-10 03:17:17"}
{"level":"error","message":"404 - Não encontrado - /themes/default/img/logos/nintendones.png - GET - ::1","service":"es-theme-engine","timestamp":"2025-03-10 03:17:17"}
{"level":"error","message":"404 - Não encontrado - /themes/default/img/logos/nintendogameboyadvance.png - GET - ::1","service":"es-theme-engine","timestamp":"2025-03-10 03:17:17"}
{"level":"error","message":"404 - Não encontrado - /themes/default/img/logos/nintendosnes.png - GET - ::1","service":"es-theme-engine","timestamp":"2025-03-10 03:17:17"}
{"level":"error","message":"404 - Não encontrado - /themes/default/img/logos/necpcengine.png - GET - ::1","service":"es-theme-engine","timestamp":"2025-03-10 03:17:17"}
{"level":"error","message":"404 - Não encontrado - /themes/default/img/logos/snkneogeo.png - GET - ::1","service":"es-theme-engine","timestamp":"2025-03-10 03:17:17"}
{"level":"error","message":"404 - Não encontrado - /themes/default/img/logos/snkneogeopocket.png - GET - ::1","service":"es-theme-engine","timestamp":"2025-03-10 03:17:17"}
{"level":"error","message":"404 - Não encontrado - /themes/default/img/logos/windowsgames.png - GET - ::1","service":"es-theme-engine","timestamp":"2025-03-10 03:17:17"}
{"level":"warn","message":"Diretório de configuração do EmulationStation não encontrado. Alguns recursos podem não funcionar.","service":"es-theme-engine","timestamp":"2025-03-10 03:42:17"}
{"level":"info","message":"Servidor rodando na porta 3000","service":"es-theme-engine","timestamp":"2025-03-10 03:42:18"}
{"level":"info","message":"EmulationStation encontrado em: Y:\\images\\RIESCADE\\_riescade\\emulationstation\\.emulationstation","service":"es-theme-engine","timestamp":"2025-03-10 04:44:28"}
{"level":"info","message":"Servidor rodando na porta 3000","service":"es-theme-engine","timestamp":"2025-03-10 04:44:28"}
{"level":"info","message":"Mensagem de inicialização enviada ao processo pai","service":"es-theme-engine","timestamp":"2025-03-10 04:44:28"}
{"level":"info","message":"EmulationStation encontrado em: Y:\\images\\RIESCADE\\_riescade\\emulationstation\\.emulationstation","service":"es-theme-engine","timestamp":"2025-03-10 05:02:09"}
{"level":"info","message":"Servidor rodando na porta 3000","service":"es-theme-engine","timestamp":"2025-03-10 05:02:09"}
{"level":"info","message":"Mensagem de inicialização enviada ao processo pai","service":"es-theme-engine","timestamp":"2025-03-10 05:02:09"}
{"level":"info","message":"EmulationStation encontrado em: Y:\\images\\RIESCADE\\_riescade\\emulationstation\\.emulationstation","service":"es-theme-engine","timestamp":"2025-03-10 05:05:11"}
{"level":"info","message":"Servidor rodando na porta 3000","service":"es-theme-engine","timestamp":"2025-03-10 05:05:11"}
{"level":"info","message":"Mensagem de inicialização enviada ao processo pai","service":"es-theme-engine","timestamp":"2025-03-10 05:05:11"}
{"level":"info","message":"EmulationStation encontrado em: Y:\\images\\RIESCADE\\_riescade\\emulationstation\\.emulationstation","service":"es-theme-engine","timestamp":"2025-03-10 05:07:57"}
{"level":"info","message":"Servidor rodando na porta 3000","service":"es-theme-engine","timestamp":"2025-03-10 05:07:57"}
{"level":"info","message":"Mensagem de inicialização enviada ao processo pai","service":"es-theme-engine","timestamp":"2025-03-10 05:07:57"}
{"level":"info","message":"EmulationStation encontrado em: Y:\\images\\RIESCADE\\_riescade\\emulationstation\\.emulationstation","service":"es-theme-engine","timestamp":"2025-03-10 05:11:07"}
{"level":"info","message":"Servidor rodando na porta 3000","service":"es-theme-engine","timestamp":"2025-03-10 05:11:07"}
{"level":"info","message":"Mensagem de inicialização enviada ao processo pai","service":"es-theme-engine","timestamp":"2025-03-10 05:11:07"}
{"level":"info","message":"EmulationStation encontrado em: Y:\\images\\RIESCADE\\_riescade\\emulationstation\\.emulationstation","service":"es-theme-engine","timestamp":"2025-03-10 05:12:03"}
{"level":"info","message":"Servidor rodando na porta 3000","service":"es-theme-engine","timestamp":"2025-03-10 05:12:03"}
{"level":"info","message":"Mensagem de inicialização enviada ao processo pai","service":"es-theme-engine","timestamp":"2025-03-10 05:12:03"}
{"level":"info","message":"EmulationStation encontrado em: Y:\\images\\RIESCADE\\_riescade\\emulationstation\\.emulationstation","service":"es-theme-engine","timestamp":"2025-03-10 05:12:07"}
{"level":"info","message":"Servidor rodando na porta 3000","service":"es-theme-engine","timestamp":"2025-03-10 05:12:07"}
{"level":"info","message":"Mensagem de inicialização enviada ao processo pai","service":"es-theme-engine","timestamp":"2025-03-10 05:12:07"}
{"level":"info","message":"EmulationStation encontrado em: ..\\emulationstation\\.emulationstation","service":"es-theme-engine","timestamp":"2025-03-10 05:12:35"}
{"level":"info","message":"Servidor rodando na porta 3000","service":"es-theme-engine","timestamp":"2025-03-10 05:12:35"}
{"level":"info","message":"Mensagem de inicialização enviada ao processo pai","service":"es-theme-engine","timestamp":"2025-03-10 05:12:35"}
{"level":"error","message":"404 - Não encontrado - /themes/default/img/logos/gw.png - GET - ::1","service":"es-theme-engine","timestamp":"2025-03-10 05:12:38"}
{"level":"error","message":"404 - Não encontrado - /themes/default/img/logos/doom3.png - GET - ::1","service":"es-theme-engine","timestamp":"2025-03-10 05:12:38"}
{"level":"error","message":"404 - Não encontrado - /themes/default/img/logos/screenshots.png - GET - ::1","service":"es-theme-engine","timestamp":"2025-03-10 05:12:38"}
{"level":"error","message":"404 - Não encontrado - /themes/default/img/logos/apple2group.png - GET - ::1","service":"es-theme-engine","timestamp":"2025-03-10 05:12:38"}
{"level":"error","message":"404 - Não encontrado - /themes/default/img/logos/atarijaguargroup.png - GET - ::1","service":"es-theme-engine","timestamp":"2025-03-10 05:12:38"}
{"level":"error","message":"404 - Não encontrado - /themes/default/img/logos/bandaiwonderswan.png - GET - ::1","service":"es-theme-engine","timestamp":"2025-03-10 05:12:38"}
{"level":"error","message":"404 - Não encontrado - /themes/default/img/logos/segamegadrive.png - GET - ::1","service":"es-theme-engine","timestamp":"2025-03-10 05:12:38"}
{"level":"error","message":"404 - Não encontrado - /themes/default/img/logos/nintendogameboy.png - GET - ::1","service":"es-theme-engine","timestamp":"2025-03-10 05:12:38"}
{"level":"error","message":"404 - Não encontrado - /themes/default/img/logos/nintendogameboyadvance.png - GET - ::1","service":"es-theme-engine","timestamp":"2025-03-10 05:12:38"}
{"level":"error","message":"404 - Não encontrado - /themes/default/img/logos/nintendon64.png - GET - ::1","service":"es-theme-engine","timestamp":"2025-03-10 05:12:38"}
{"level":"error","message":"404 - Não encontrado - /themes/default/img/logos/nintendones.png - GET - ::1","service":"es-theme-engine","timestamp":"2025-03-10 05:12:38"}
{"level":"error","message":"404 - Não encontrado - /themes/default/img/logos/nintendosnes.png - GET - ::1","service":"es-theme-engine","timestamp":"2025-03-10 05:12:38"}
{"level":"error","message":"404 - Não encontrado - /themes/default/img/logos/necpcengine.png - GET - ::1","service":"es-theme-engine","timestamp":"2025-03-10 05:12:38"}
{"level":"error","message":"404 - Não encontrado - /themes/default/img/logos/snkneogeo.png - GET - ::1","service":"es-theme-engine","timestamp":"2025-03-10 05:12:38"}
{"level":"error","message":"404 - Não encontrado - /themes/default/img/logos/snkneogeopocket.png - GET - ::1","service":"es-theme-engine","timestamp":"2025-03-10 05:12:38"}
{"level":"error","message":"404 - Não encontrado - /themes/default/img/logos/windowsgames.png - GET - ::1","service":"es-theme-engine","timestamp":"2025-03-10 05:12:38"}
{"level":"error","message":"404 - Não encontrado - /themes/default/img/logos/gw.png - GET - ::1","service":"es-theme-engine","timestamp":"2025-03-10 05:12:55"}
{"level":"error","message":"404 - Não encontrado - /themes/default/img/logos/doom3.png - GET - ::1","service":"es-theme-engine","timestamp":"2025-03-10 05:12:55"}
{"level":"error","message":"404 - Não encontrado - /themes/default/img/logos/screenshots.png - GET - ::1","service":"es-theme-engine","timestamp":"2025-03-10 05:12:56"}
{"level":"error","message":"404 - Não encontrado - /themes/default/img/logos/apple2group.png - GET - ::1","service":"es-theme-engine","timestamp":"2025-03-10 05:12:56"}
{"level":"error","message":"404 - Não encontrado - /themes/default/img/logos/atarijaguargroup.png - GET - ::1","service":"es-theme-engine","timestamp":"2025-03-10 05:12:56"}
{"level":"error","message":"404 - Não encontrado - /themes/default/img/logos/bandaiwonderswan.png - GET - ::1","service":"es-theme-engine","timestamp":"2025-03-10 05:12:56"}
{"level":"error","message":"404 - Não encontrado - /themes/default/img/logos/segamegadrive.png - GET - ::1","service":"es-theme-engine","timestamp":"2025-03-10 05:12:56"}
{"level":"error","message":"404 - Não encontrado - /themes/default/img/logos/nintendogameboy.png - GET - ::1","service":"es-theme-engine","timestamp":"2025-03-10 05:12:56"}
{"level":"error","message":"404 - Não encontrado - /themes/default/img/logos/nintendogameboyadvance.png - GET - ::1","service":"es-theme-engine","timestamp":"2025-03-10 05:12:56"}
{"level":"error","message":"404 - Não encontrado - /themes/default/img/logos/nintendon64.png - GET - ::1","service":"es-theme-engine","timestamp":"2025-03-10 05:12:56"}
{"level":"error","message":"404 - Não encontrado - /themes/default/img/logos/nintendones.png - GET - ::1","service":"es-theme-engine","timestamp":"2025-03-10 05:12:56"}
{"level":"error","message":"404 - Não encontrado - /themes/default/img/logos/nintendosnes.png - GET - ::1","service":"es-theme-engine","timestamp":"2025-03-10 05:12:56"}
{"level":"error","message":"404 - Não encontrado - /themes/default/img/logos/necpcengine.png - GET - ::1","service":"es-theme-engine","timestamp":"2025-03-10 05:12:56"}
{"level":"error","message":"404 - Não encontrado - /themes/default/img/logos/snkneogeo.png - GET - ::1","service":"es-theme-engine","timestamp":"2025-03-10 05:12:56"}
{"level":"error","message":"404 - Não encontrado - /themes/default/img/logos/snkneogeopocket.png - GET - ::1","service":"es-theme-engine","timestamp":"2025-03-10 05:12:56"}
{"level":"error","message":"404 - Não encontrado - /themes/default/img/logos/windowsgames.png - GET - ::1","service":"es-theme-engine","timestamp":"2025-03-10 05:12:56"}
{"level":"info","message":"EmulationStation encontrado em: ..\\emulationstation\\.emulationstation","service":"es-theme-engine","timestamp":"2025-03-10 05:17:24"}
{"level":"info","message":"Servidor rodando na porta 3000","service":"es-theme-engine","timestamp":"2025-03-10 05:17:24"}
{"level":"info","message":"Mensagem de inicialização enviada ao processo pai","service":"es-theme-engine","timestamp":"2025-03-10 05:17:24"}
{"level":"info","message":"EmulationStation encontrado em: ..\\emulationstation\\.emulationstation","service":"es-theme-engine","timestamp":"2025-03-10 05:17:26"}
{"level":"info","message":"Servidor rodando na porta 3000","service":"es-theme-engine","timestamp":"2025-03-10 05:17:26"}
{"level":"info","message":"Mensagem de inicialização enviada ao processo pai","service":"es-theme-engine","timestamp":"2025-03-10 05:17:26"}
{"level":"error","message":"404 - Não encontrado - /roms/cps3/images/jojo-thumb.png - GET - ::1","service":"es-theme-engine","timestamp":"2025-03-10 05:22:15"}
{"level":"error","message":"404 - Não encontrado - /roms/cps3/images/redearth-thumb.png - GET - ::1","service":"es-theme-engine","timestamp":"2025-03-10 05:22:15"}
{"level":"error","message":"404 - Não encontrado - /roms/cps3/images/sfiii-thumb.png - GET - ::1","service":"es-theme-engine","timestamp":"2025-03-10 05:22:15"}
{"level":"error","message":"404 - Não encontrado - /roms/cps3/images/sfiii2-thumb.png - GET - ::1","service":"es-theme-engine","timestamp":"2025-03-10 05:22:15"}
{"level":"error","message":"404 - Não encontrado - /roms/cps3/images/sfiii3-thumb.png - GET - ::1","service":"es-theme-engine","timestamp":"2025-03-10 05:22:15"}
{"level":"error","message":"404 - Não encontrado - /roms/cps3/images/jojoba-thumb.png - GET - ::1","service":"es-theme-engine","timestamp":"2025-03-10 05:22:15"}
{"level":"error","message":"500 - path must be absolute or specify root to res.sendFile - /roms-media/cps3/images/jojo-image.png - GET - ::1","service":"es-theme-engine","timestamp":"2025-03-10 05:22:15"}
